rirud/build/outputs/mapping/release/configuration.txt
# The proguard configuration file for the following section is Riru/rirud/proguard-rules.pro
-keep class riru.Daemon {
    public static void main(java.lang.String[]);
}
-keep class riru.Installer {
    public static void main(java.lang.String[]);
}

# End of content from Riru/rirud/proguard-rules.pro
# The proguard configuration file for the following section is aapt_proguard_file/release/aapt_rules.txt

# End of content from aapt_proguard_file/release/aapt_rules.txt
# The proguard configuration file for the following section is transformed/little-endian-data-stream-1.0.2/proguard.txt

# End of content from transformed/little-endian-data-stream-1.0.2/proguard.txt
# The proguard configuration file for the following section is META-INF/proguard/androidx-annotations.pro
-keep,allowobfuscation @interface androidx.annotation.Keep
-keep @androidx.annotation.Keep class * {*;}

-keepclasseswithmembers class * {
    @androidx.annotation.Keep <methods>;
}

-keepclasseswithmembers class * {
    @androidx.annotation.Keep <fields>;
}

-keepclasseswithmembers class * {
    @androidx.annotation.Keep <init>(...);
}

-keepclassmembers,allowobfuscation class * {
  @androidx.annotation.DoNotInline <methods>;
}

# End of content from META-INF/proguard/androidx-annotations.pro
# The proguard configuration file for the following section is <unknown>
-ignorewarnings
# End of content from <unknown>