rirud/build/outputs/mapping/release/seeds.txt
riru.Installer
androidx.annotation.Keep
riru.Daemon
riru.Installer: void main(java.lang.String[])
riru.Daemon: void main(java.lang.String[])