rirud/build/outputs/mapping/release/mapping.txt
# compiler: R8
# compiler_version: 3.2.74
# min_api: 23
# common_typos_disable
# {"id":"com.android.tools.r8.mapping","version":"2.0"}
# pg_map_id: 7215b68
# pg_map_hash: SHA-256 7215b68f189b7d63be813f0dffd7ba70d1c2acf466aa71d26fe3132908ef72ea
...
c.Daemon$$ExternalSyntheticLambda0 -> c.a:
# {"id":"sourceFile","fileName":"R8$$SyntheticClass"}
# {"id":"com.android.tools.r8.synthesized"}
    riru.Daemon riru.Daemon$$InternalSyntheticLambda$0$a928f60c0a4d452a360ec2acc978e73d402bbac73aeda953c16c3842144124e1$0.f$0 -> b
    int riru.Daemon$$InternalSyntheticLambda$0$a928f60c0a4d452a360ec2acc978e73d402bbac73aeda953c16c3842144124e1$0.$r8$classId -> a
    0:65535:void riru.Daemon$$InternalSyntheticLambda$0$a928f60c0a4d452a360ec2acc978e73d402bbac73aeda953c16c3842144124e1$0.<init>(riru.Daemon):0:0 -> <init>
    0:65535:void riru.Daemon$$InternalSyntheticLambda$0$a928f60c0a4d452a360ec2acc978e73d402bbac73aeda953c16c3842144124e1$0.$r8$init$synthetic(riru.Daemon):0 -> <init>
      # {"id":"com.android.tools.r8.synthesized"}
    void riru.Daemon$$InternalSyntheticLambda$0$a928f60c0a4d452a360ec2acc978e73d402bbac73aeda953c16c3842144124e1$0.run$bridge() -> run
      # {"id":"com.android.tools.r8.synthesized"}
c.Daemon$$ExternalSyntheticLambda1 -> c.b:
# {"id":"sourceFile","fileName":"R8$$SyntheticClass"}
# {"id":"com.android.tools.r8.synthesized"}
    riru.Daemon$$InternalSyntheticLambda$3$ec6017ca88c975e7864214f69321ac7bd0b7e8bed5950cf44adea0a6f6917694$0 riru.Daemon$$InternalSyntheticLambda$3$ec6017ca88c975e7864214f69321ac7bd0b7e8bed5950cf44adea0a6f6917694$0.INSTANCE -> a
    void riru.Daemon$$InternalSyntheticLambda$3$ec6017ca88c975e7864214f69321ac7bd0b7e8bed5950cf44adea0a6f6917694$0.<clinit>() -> <clinit>
      # {"id":"com.android.tools.r8.synthesized"}
    void riru.Daemon$$InternalSyntheticLambda$3$ec6017ca88c975e7864214f69321ac7bd0b7e8bed5950cf44adea0a6f6917694$0.<init>() -> <init>
      # {"id":"com.android.tools.r8.synthesized"}
    0:65535:void riru.Daemon.lambda$onRiruNotLoaded$2():0:0 -> run
    0:65535:void riru.Daemon$$InternalSyntheticLambda$3$ec6017ca88c975e7864214f69321ac7bd0b7e8bed5950cf44adea0a6f6917694$0.run():0 -> run
      # {"id":"com.android.tools.r8.synthesized"}
c.DaemonSocketServerThread$$ExternalSyntheticLambda0 -> c.c:
# {"id":"sourceFile","fileName":"R8$$SyntheticClass"}
# {"id":"com.android.tools.r8.synthesized"}
    riru.DaemonSocketServerThread riru.DaemonSocketServerThread$$InternalSyntheticLambda$1$3eae8ec2e99050142841070ef6cbf25325bedb726064d2f2c13c5e82ba5023aa$0.f$0 -> a
    android.net.LocalSocket riru.DaemonSocketServerThread$$InternalSyntheticLambda$1$3eae8ec2e99050142841070ef6cbf25325bedb726064d2f2c13c5e82ba5023aa$0.f$1 -> b
    int riru.DaemonSocketServerThread$$InternalSyntheticLambda$1$3eae8ec2e99050142841070ef6cbf25325bedb726064d2f2c13c5e82ba5023aa$0.f$2 -> c
    void riru.DaemonSocketServerThread$$InternalSyntheticLambda$1$3eae8ec2e99050142841070ef6cbf25325bedb726064d2f2c13c5e82ba5023aa$0.<init>(riru.DaemonSocketServerThread,android.net.LocalSocket,int) -> <init>
      # {"id":"com.android.tools.r8.synthesized"}
    void riru.DaemonSocketServerThread$$InternalSyntheticLambda$1$3eae8ec2e99050142841070ef6cbf25325bedb726064d2f2c13c5e82ba5023aa$0.run() -> run
      # {"id":"com.android.tools.r8.synthesized"}